nohup: ignoring input

  .   ____          _            __ _ _
 /\\ / ___'_ __ _ _(_)_ __  __ _ \ \ \ \
( ( )\___ | '_ | '_| | '_ \/ _` | \ \ \ \
 \\/  ___)| |_)| | | | | || (_| |  ) ) ) )
  '  |____| .__|_| |_|_| |_\__, | / / / /
 =========|_|==============|___/=/_/_/_/

 :: Spring Boot ::                (v3.5.7)

2026-01-12T02:29:51.800+01:00  INFO 387084 --- [blog] [           main] com.zerooneblog.blog.BlogApplication     : Starting BlogApplication v0.0.1-SNAPSHOT using Java 17.0.17 with PID 387084 (/home/mzakri/01blog/backend/target/blog-0.0.1-SNAPSHOT.jar started by mzakri in /home/mzakri/01blog/backend)
2026-01-12T02:29:51.802+01:00  INFO 387084 --- [blog] [           main] com.zerooneblog.blog.BlogApplication     : No active profile set, falling back to 1 default profile: "default"
2026-01-12T02:29:52.294+01:00  INFO 387084 --- [blog] [           main] .s.d.r.c.RepositoryConfigurationDelegate : Bootstrapping Spring Data JPA repositories in DEFAULT mode.
2026-01-12T02:29:52.338+01:00  INFO 387084 --- [blog] [           main] .s.d.r.c.RepositoryConfigurationDelegate : Finished Spring Data repository scanning in 38 ms. Found 8 JPA repository interfaces.
2026-01-12T02:29:52.805+01:00  INFO 387084 --- [blog] [           main] o.s.b.w.embedded.tomcat.TomcatWebServer  : Tomcat initialized with port 8080 (http)
2026-01-12T02:29:52.820+01:00  INFO 387084 --- [blog] [           main] o.apache.catalina.core.StandardService   : Starting service [Tomcat]
2026-01-12T02:29:52.821+01:00  INFO 387084 --- [blog] [           main] o.apache.catalina.core.StandardEngine    : Starting Servlet engine: [Apache Tomcat/10.1.48]
2026-01-12T02:29:52.856+01:00  INFO 387084 --- [blog] [           main] o.a.c.c.C.[Tomcat].[localhost].[/]       : Initializing Spring embedded WebApplicationContext
2026-01-12T02:29:52.858+01:00  INFO 387084 --- [blog] [           main] w.s.c.ServletWebServerApplicationContext : Root WebApplicationContext: initialization completed in 1025 ms
2026-01-12T02:29:53.090+01:00  INFO 387084 --- [blog] [           main] o.hibernate.jpa.internal.util.LogHelper  : HHH000204: Processing PersistenceUnitInfo [name: default]
2026-01-12T02:29:53.142+01:00  INFO 387084 --- [blog] [           main] org.hibernate.Version                    : HHH000412: Hibernate ORM core version 6.6.33.Final
2026-01-12T02:29:53.181+01:00  INFO 387084 --- [blog] [           main] o.h.c.internal.RegionFactoryInitiator    : HHH000026: Second-level cache disabled
2026-01-12T02:29:53.342+01:00  INFO 387084 --- [blog] [           main] o.s.o.j.p.SpringPersistenceUnitInfo      : No LoadTimeWeaver setup: ignoring JPA class transformer
2026-01-12T02:29:53.371+01:00  INFO 387084 --- [blog] [           main] com.zaxxer.hikari.HikariDataSource       : HikariPool-1 - Starting...
2026-01-12T02:29:53.516+01:00  INFO 387084 --- [blog] [           main] com.zaxxer.hikari.pool.HikariPool        : HikariPool-1 - Added connection org.postgresql.jdbc.PgConnection@118fbaf0
2026-01-12T02:29:53.517+01:00  INFO 387084 --- [blog] [           main] com.zaxxer.hikari.HikariDataSource       : HikariPool-1 - Start completed.
2026-01-12T02:29:53.562+01:00  INFO 387084 --- [blog] [           main] org.hibernate.orm.connections.pooling    : HHH10001005: Database info:
	Database JDBC URL [Connecting through datasource 'HikariDataSource (HikariPool-1)']
	Database driver: undefined/unknown
	Database version: 15.14
	Autocommit mode: undefined/unknown
	Isolation level: undefined/unknown
	Minimum pool size: undefined/unknown
	Maximum pool size: undefined/unknown
2026-01-12T02:29:54.118+01:00  INFO 387084 --- [blog] [           main] o.h.e.t.j.p.i.JtaPlatformInitiator       : HHH000489: No JTA platform available (set 'hibernate.transaction.jta.platform' to enable JTA platform integration)
2026-01-12T02:29:54.230+01:00  INFO 387084 --- [blog] [           main] j.LocalContainerEntityManagerFactoryBean : Initialized JPA EntityManagerFactory for persistence unit 'default'
2026-01-12T02:29:54.480+01:00  INFO 387084 --- [blog] [           main] r$InitializeUserDetailsManagerConfigurer : Global AuthenticationManager configured with UserDetailsService bean with name customUserDetailsService
2026-01-12T02:29:54.578+01:00  WARN 387084 --- [blog] [           main] JpaBaseConfiguration$JpaWebConfiguration : spring.jpa.open-in-view is enabled by default. Therefore, database queries may be performed during view rendering. Explicitly configure spring.jpa.open-in-view to disable this warning
2026-01-12T02:29:54.801+01:00  WARN 387084 --- [blog] [           main] o.s.s.c.a.web.builders.WebSecurity       : You are asking Spring Security to ignore Deferred [Mvc [pattern='/uploads/**'], Ant [pattern='/uploads/**']]. This is not recommended -- please use permitAll via HttpSecurity#authorizeHttpRequests instead.
2026-01-12T02:29:54.964+01:00  INFO 387084 --- [blog] [           main] o.s.b.w.embedded.tomcat.TomcatWebServer  : Tomcat started on port 8080 (http) with context path '/'
2026-01-12T02:29:54.971+01:00  INFO 387084 --- [blog] [           main] com.zerooneblog.blog.BlogApplication     : Started BlogApplication in 3.472 seconds (process running for 3.747)
2026-01-12T02:29:59.273+01:00  INFO 387084 --- [blog] [nio-8080-exec-1] o.a.c.c.C.[Tomcat].[localhost].[/]       : Initializing Spring DispatcherServlet 'dispatcherServlet'
2026-01-12T02:29:59.273+01:00  INFO 387084 --- [blog] [nio-8080-exec-1] o.s.web.servlet.DispatcherServlet        : Initializing Servlet 'dispatcherServlet'
2026-01-12T02:29:59.274+01:00  INFO 387084 --- [blog] [nio-8080-exec-1] o.s.web.servlet.DispatcherServlet        : Completed initialization in 1 ms
[JWT Filter] Token valid, username from token: 'datiretu@mailinator.com' (length: 23)
2026-01-12T02:30:05.431+01:00  INFO 387084 --- [blog] [nio-8080-exec-2] c.z.b.controller.NotificationController  : [NotificationController] GET /notifications - Listing notifications - page: 0, size: 20
Hibernate: select u1_0.id,u1_0.avatar_url,u1_0.banned,u1_0.bio,u1_0.created_at,u1_0.email,u1_0.password,u1_0.role,u1_0.username from users u1_0 where u1_0.email=?
2026-01-12T02:30:05.500+01:00  INFO 387084 --- [blog] [nio-8080-exec-2] c.z.blog.service.NotificationService     : [NotificationService] list() - Listing notifications for user: Zakri
Hibernate: select n1_0.id,n1_0.content,n1_0.created_at,n1_0.is_read,n1_0.receiver_id,n1_0.type from notifications n1_0 where n1_0.receiver_id=? fetch first ? rows only
2026-01-12T02:30:05.508+01:00  INFO 387084 --- [blog] [nio-8080-exec-2] c.z.blog.service.NotificationService     : [NotificationService] list() - Found 7 total notifications
2026-01-12T02:30:05.509+01:00  INFO 387084 --- [blog] [nio-8080-exec-2] c.z.b.controller.NotificationController  : [NotificationController] Notifications listed successfully - Total: 7, Current page: 7
[JWT Filter] Token valid, username from token: 'zumug@mailinator.com' (length: 20)
2026-01-12T02:30:29.411+01:00  INFO 387084 --- [blog] [nio-8080-exec-4] c.z.b.controller.NotificationController  : [NotificationController] GET /notifications - Listing notifications - page: 0, size: 20
Hibernate: select u1_0.id,u1_0.avatar_url,u1_0.banned,u1_0.bio,u1_0.created_at,u1_0.email,u1_0.password,u1_0.role,u1_0.username from users u1_0 where u1_0.email=?
2026-01-12T02:30:29.416+01:00  INFO 387084 --- [blog] [nio-8080-exec-4] c.z.blog.service.NotificationService     : [NotificationService] list() - Listing notifications for user: Aut distinctio Ab i
Hibernate: select n1_0.id,n1_0.content,n1_0.created_at,n1_0.is_read,n1_0.receiver_id,n1_0.type from notifications n1_0 where n1_0.receiver_id=? fetch first ? rows only
2026-01-12T02:30:29.418+01:00  INFO 387084 --- [blog] [nio-8080-exec-4] c.z.blog.service.NotificationService     : [NotificationService] list() - Found 2 total notifications
2026-01-12T02:30:29.418+01:00  INFO 387084 --- [blog] [nio-8080-exec-4] c.z.b.controller.NotificationController  : [NotificationController] Notifications listed successfully - Total: 2, Current page: 2
[JWT Filter] Token valid, username from token: 'datiretu@mailinator.com' (length: 23)
2026-01-12T02:30:35.359+01:00  INFO 387084 --- [blog] [nio-8080-exec-5] c.z.b.controller.NotificationController  : [NotificationController] GET /notifications - Listing notifications - page: 0, size: 20
Hibernate: select u1_0.id,u1_0.avatar_url,u1_0.banned,u1_0.bio,u1_0.created_at,u1_0.email,u1_0.password,u1_0.role,u1_0.username from users u1_0 where u1_0.email=?
2026-01-12T02:30:35.364+01:00  INFO 387084 --- [blog] [nio-8080-exec-5] c.z.blog.service.NotificationService     : [NotificationService] list() - Listing notifications for user: Zakri
Hibernate: select n1_0.id,n1_0.content,n1_0.created_at,n1_0.is_read,n1_0.receiver_id,n1_0.type from notifications n1_0 where n1_0.receiver_id=? fetch first ? rows only
2026-01-12T02:30:35.368+01:00  INFO 387084 --- [blog] [nio-8080-exec-5] c.z.blog.service.NotificationService     : [NotificationService] list() - Found 7 total notifications
2026-01-12T02:30:35.368+01:00  INFO 387084 --- [blog] [nio-8080-exec-5] c.z.b.controller.NotificationController  : [NotificationController] Notifications listed successfully - Total: 7, Current page: 7
[JWT Filter] Token valid, username from token: 'datiretu@mailinator.com' (length: 23)
2026-01-12T02:31:05.358+01:00  INFO 387084 --- [blog] [nio-8080-exec-6] c.z.b.controller.NotificationController  : [NotificationController] GET /notifications - Listing notifications - page: 0, size: 20
Hibernate: select u1_0.id,u1_0.avatar_url,u1_0.banned,u1_0.bio,u1_0.created_at,u1_0.email,u1_0.password,u1_0.role,u1_0.username from users u1_0 where u1_0.email=?
2026-01-12T02:31:05.360+01:00  INFO 387084 --- [blog] [nio-8080-exec-6] c.z.blog.service.NotificationService     : [NotificationService] list() - Listing notifications for user: Zakri
Hibernate: select n1_0.id,n1_0.content,n1_0.created_at,n1_0.is_read,n1_0.receiver_id,n1_0.type from notifications n1_0 where n1_0.receiver_id=? fetch first ? rows only
2026-01-12T02:31:05.362+01:00  INFO 387084 --- [blog] [nio-8080-exec-6] c.z.blog.service.NotificationService     : [NotificationService] list() - Found 7 total notifications
2026-01-12T02:31:05.363+01:00  INFO 387084 --- [blog] [nio-8080-exec-6] c.z.b.controller.NotificationController  : [NotificationController] Notifications listed successfully - Total: 7, Current page: 7
[JWT Filter] Token valid, username from token: 'zumug@mailinator.com' (length: 20)
2026-01-12T02:31:08.286+01:00  INFO 387084 --- [blog] [nio-8080-exec-7] c.z.b.controller.NotificationController  : [NotificationController] GET /notifications - Listing notifications - page: 0, size: 20
Hibernate: select u1_0.id,u1_0.avatar_url,u1_0.banned,u1_0.bio,u1_0.created_at,u1_0.email,u1_0.password,u1_0.role,u1_0.username from users u1_0 where u1_0.email=?
2026-01-12T02:31:08.290+01:00  INFO 387084 --- [blog] [nio-8080-exec-7] c.z.blog.service.NotificationService     : [NotificationService] list() - Listing notifications for user: Aut distinctio Ab i
Hibernate: select n1_0.id,n1_0.content,n1_0.created_at,n1_0.is_read,n1_0.receiver_id,n1_0.type from notifications n1_0 where n1_0.receiver_id=? fetch first ? rows only
2026-01-12T02:31:08.293+01:00  INFO 387084 --- [blog] [nio-8080-exec-7] c.z.blog.service.NotificationService     : [NotificationService] list() - Found 2 total notifications
2026-01-12T02:31:08.293+01:00  INFO 387084 --- [blog] [nio-8080-exec-7] c.z.b.controller.NotificationController  : [NotificationController] Notifications listed successfully - Total: 2, Current page: 2
[JWT Filter] Token valid, username from token: 'zumug@mailinator.com' (length: 20)
2026-01-12T02:31:10.030+01:00  INFO 387084 --- [blog] [nio-8080-exec-8] c.z.b.controller.NotificationController  : [NotificationController] GET /notifications - Listing notifications - page: 0, size: 20
Hibernate: select u1_0.id,u1_0.avatar_url,u1_0.banned,u1_0.bio,u1_0.created_at,u1_0.email,u1_0.password,u1_0.role,u1_0.username from users u1_0 where u1_0.email=?
2026-01-12T02:31:10.033+01:00  INFO 387084 --- [blog] [nio-8080-exec-8] c.z.blog.service.NotificationService     : [NotificationService] list() - Listing notifications for user: Aut distinctio Ab i
Hibernate: select n1_0.id,n1_0.content,n1_0.created_at,n1_0.is_read,n1_0.receiver_id,n1_0.type from notifications n1_0 where n1_0.receiver_id=? fetch first ? rows only
2026-01-12T02:31:10.036+01:00  INFO 387084 --- [blog] [nio-8080-exec-8] c.z.blog.service.NotificationService     : [NotificationService] list() - Found 2 total notifications
2026-01-12T02:31:10.036+01:00  INFO 387084 --- [blog] [nio-8080-exec-8] c.z.b.controller.NotificationController  : [NotificationController] Notifications listed successfully - Total: 2, Current page: 2
[JWT Filter] Token valid, username from token: 'zumug@mailinator.com' (length: 20)
Hibernate: select u1_0.id,u1_0.avatar_url,u1_0.banned,u1_0.bio,u1_0.created_at,u1_0.email,u1_0.password,u1_0.role,u1_0.username from users u1_0 where u1_0.email=?
Hibernate: select s1_0.id,s1_0.created_at,s1_0.subscriber_id,s1_0.user_id from subscriptions s1_0 where s1_0.subscriber_id=?
Hibernate: select u1_0.id,u1_0.avatar_url,u1_0.banned,u1_0.bio,u1_0.created_at,u1_0.email,u1_0.password,u1_0.role,u1_0.username from users u1_0 where u1_0.id in (?,?)
Hibernate: select p1_0.id,p1_0.author_id,p1_0.created_at,p1_0.description,p1_0.hidden,p1_0.media_urls,p1_0.title,p1_0.updated_at from posts p1_0 where p1_0.author_id in (?,?) and not(p1_0.hidden) fetch first ? rows only
Hibernate: select count(pl1_0.id) from post_likes pl1_0 where pl1_0.post_id=?
Hibernate: select pl1_0.id,pl1_0.created_at,pl1_0.post_id,pl1_0.user_id from post_likes pl1_0 where pl1_0.user_id=? and pl1_0.post_id=?
Hibernate: select count(c1_0.id) from comments c1_0 where c1_0.post_id=?
[JWT Filter] Token valid, username from token: 'datiretu@mailinator.com' (length: 23)
2026-01-12T02:31:35.384+01:00  INFO 387084 --- [blog] [nio-8080-exec-4] c.z.b.controller.NotificationController  : [NotificationController] GET /notifications - Listing notifications - page: 0, size: 20
Hibernate: select u1_0.id,u1_0.avatar_url,u1_0.banned,u1_0.bio,u1_0.created_at,u1_0.email,u1_0.password,u1_0.role,u1_0.username from users u1_0 where u1_0.email=?
2026-01-12T02:31:35.389+01:00  INFO 387084 --- [blog] [nio-8080-exec-4] c.z.blog.service.NotificationService     : [NotificationService] list() - Listing notifications for user: Zakri
Hibernate: select n1_0.id,n1_0.content,n1_0.created_at,n1_0.is_read,n1_0.receiver_id,n1_0.type from notifications n1_0 where n1_0.receiver_id=? fetch first ? rows only
2026-01-12T02:31:35.393+01:00  INFO 387084 --- [blog] [nio-8080-exec-4] c.z.blog.service.NotificationService     : [NotificationService] list() - Found 7 total notifications
2026-01-12T02:31:35.393+01:00  INFO 387084 --- [blog] [nio-8080-exec-4] c.z.b.controller.NotificationController  : [NotificationController] Notifications listed successfully - Total: 7, Current page: 7
[JWT Filter] Token valid, username from token: 'zumug@mailinator.com' (length: 20)
2026-01-12T02:31:35.826+01:00  INFO 387084 --- [blog] [nio-8080-exec-5] c.z.b.controller.NotificationController  : [NotificationController] GET /notifications - Listing notifications - page: 0, size: 20
Hibernate: select u1_0.id,u1_0.avatar_url,u1_0.banned,u1_0.bio,u1_0.created_at,u1_0.email,u1_0.password,u1_0.role,u1_0.username from users u1_0 where u1_0.email=?
2026-01-12T02:31:35.828+01:00  INFO 387084 --- [blog] [nio-8080-exec-5] c.z.blog.service.NotificationService     : [NotificationService] list() - Listing notifications for user: Aut distinctio Ab i
Hibernate: select n1_0.id,n1_0.content,n1_0.created_at,n1_0.is_read,n1_0.receiver_id,n1_0.type from notifications n1_0 where n1_0.receiver_id=? fetch first ? rows only
2026-01-12T02:31:35.831+01:00  INFO 387084 --- [blog] [nio-8080-exec-5] c.z.blog.service.NotificationService     : [NotificationService] list() - Found 2 total notifications
2026-01-12T02:31:35.831+01:00  INFO 387084 --- [blog] [nio-8080-exec-5] c.z.b.controller.NotificationController  : [NotificationController] Notifications listed successfully - Total: 2, Current page: 2
[JWT Filter] Token valid, username from token: 'zumug@mailinator.com' (length: 20)
Hibernate: select u1_0.id,u1_0.avatar_url,u1_0.banned,u1_0.bio,u1_0.created_at,u1_0.email,u1_0.password,u1_0.role,u1_0.username from users u1_0 where u1_0.email=?
Hibernate: select s1_0.id,s1_0.created_at,s1_0.subscriber_id,s1_0.user_id from subscriptions s1_0 where s1_0.subscriber_id=?
Hibernate: select u1_0.id,u1_0.avatar_url,u1_0.banned,u1_0.bio,u1_0.created_at,u1_0.email,u1_0.password,u1_0.role,u1_0.username from users u1_0 where u1_0.id in (?,?)
Hibernate: select p1_0.id,p1_0.author_id,p1_0.created_at,p1_0.description,p1_0.hidden,p1_0.media_urls,p1_0.title,p1_0.updated_at from posts p1_0 where p1_0.author_id in (?,?) and not(p1_0.hidden) fetch first ? rows only
Hibernate: select count(pl1_0.id) from post_likes pl1_0 where pl1_0.post_id=?
Hibernate: select pl1_0.id,pl1_0.created_at,pl1_0.post_id,pl1_0.user_id from post_likes pl1_0 where pl1_0.user_id=? and pl1_0.post_id=?
Hibernate: select count(c1_0.id) from comments c1_0 where c1_0.post_id=?
[JWT Filter] Token valid, username from token: 'datiretu@mailinator.com' (length: 23)
2026-01-12T02:32:05.363+01:00  INFO 387084 --- [blog] [nio-8080-exec-7] c.z.b.controller.NotificationController  : [NotificationController] GET /notifications - Listing notifications - page: 0, size: 20
Hibernate: select u1_0.id,u1_0.avatar_url,u1_0.banned,u1_0.bio,u1_0.created_at,u1_0.email,u1_0.password,u1_0.role,u1_0.username from users u1_0 where u1_0.email=?
2026-01-12T02:32:05.367+01:00  INFO 387084 --- [blog] [nio-8080-exec-7] c.z.blog.service.NotificationService     : [NotificationService] list() - Listing notifications for user: Zakri
Hibernate: select n1_0.id,n1_0.content,n1_0.created_at,n1_0.is_read,n1_0.receiver_id,n1_0.type from notifications n1_0 where n1_0.receiver_id=? fetch first ? rows only
2026-01-12T02:32:05.371+01:00  INFO 387084 --- [blog] [nio-8080-exec-7] c.z.blog.service.NotificationService     : [NotificationService] list() - Found 7 total notifications
2026-01-12T02:32:05.371+01:00  INFO 387084 --- [blog] [nio-8080-exec-7] c.z.b.controller.NotificationController  : [NotificationController] Notifications listed successfully - Total: 7, Current page: 7
[JWT Filter] Token valid, username from token: 'zumug@mailinator.com' (length: 20)
2026-01-12T02:32:05.824+01:00  INFO 387084 --- [blog] [nio-8080-exec-8] c.z.b.controller.NotificationController  : [NotificationController] GET /notifications - Listing notifications - page: 0, size: 20
Hibernate: select u1_0.id,u1_0.avatar_url,u1_0.banned,u1_0.bio,u1_0.created_at,u1_0.email,u1_0.password,u1_0.role,u1_0.username from users u1_0 where u1_0.email=?
2026-01-12T02:32:05.828+01:00  INFO 387084 --- [blog] [nio-8080-exec-8] c.z.blog.service.NotificationService     : [NotificationService] list() - Listing notifications for user: Aut distinctio Ab i
Hibernate: select n1_0.id,n1_0.content,n1_0.created_at,n1_0.is_read,n1_0.receiver_id,n1_0.type from notifications n1_0 where n1_0.receiver_id=? fetch first ? rows only
2026-01-12T02:32:05.833+01:00  INFO 387084 --- [blog] [nio-8080-exec-8] c.z.blog.service.NotificationService     : [NotificationService] list() - Found 2 total notifications
2026-01-12T02:32:05.833+01:00  INFO 387084 --- [blog] [nio-8080-exec-8] c.z.b.controller.NotificationController  : [NotificationController] Notifications listed successfully - Total: 2, Current page: 2
[JWT Filter] Token valid, username from token: 'datiretu@mailinator.com' (length: 23)
2026-01-12T02:32:35.362+01:00  INFO 387084 --- [blog] [nio-8080-exec-9] c.z.b.controller.NotificationController  : [NotificationController] GET /notifications - Listing notifications - page: 0, size: 20
Hibernate: select u1_0.id,u1_0.avatar_url,u1_0.banned,u1_0.bio,u1_0.created_at,u1_0.email,u1_0.password,u1_0.role,u1_0.username from users u1_0 where u1_0.email=?
2026-01-12T02:32:35.367+01:00  INFO 387084 --- [blog] [nio-8080-exec-9] c.z.blog.service.NotificationService     : [NotificationService] list() - Listing notifications for user: Zakri
Hibernate: select n1_0.id,n1_0.content,n1_0.created_at,n1_0.is_read,n1_0.receiver_id,n1_0.type from notifications n1_0 where n1_0.receiver_id=? fetch first ? rows only
2026-01-12T02:32:35.372+01:00  INFO 387084 --- [blog] [nio-8080-exec-9] c.z.blog.service.NotificationService     : [NotificationService] list() - Found 7 total notifications
2026-01-12T02:32:35.372+01:00  INFO 387084 --- [blog] [nio-8080-exec-9] c.z.b.controller.NotificationController  : [NotificationController] Notifications listed successfully - Total: 7, Current page: 7
[JWT Filter] Token valid, username from token: 'zumug@mailinator.com' (length: 20)
2026-01-12T02:32:35.815+01:00  INFO 387084 --- [blog] [io-8080-exec-10] c.z.b.controller.NotificationController  : [NotificationController] GET /notifications - Listing notifications - page: 0, size: 20
Hibernate: select u1_0.id,u1_0.avatar_url,u1_0.banned,u1_0.bio,u1_0.created_at,u1_0.email,u1_0.password,u1_0.role,u1_0.username from users u1_0 where u1_0.email=?
2026-01-12T02:32:35.817+01:00  INFO 387084 --- [blog] [io-8080-exec-10] c.z.blog.service.NotificationService     : [NotificationService] list() - Listing notifications for user: Aut distinctio Ab i
Hibernate: select n1_0.id,n1_0.content,n1_0.created_at,n1_0.is_read,n1_0.receiver_id,n1_0.type from notifications n1_0 where n1_0.receiver_id=? fetch first ? rows only
2026-01-12T02:32:35.819+01:00  INFO 387084 --- [blog] [io-8080-exec-10] c.z.blog.service.NotificationService     : [NotificationService] list() - Found 2 total notifications
2026-01-12T02:32:35.819+01:00  INFO 387084 --- [blog] [io-8080-exec-10] c.z.b.controller.NotificationController  : [NotificationController] Notifications listed successfully - Total: 2, Current page: 2
[JWT Filter] Token valid, username from token: 'datiretu@mailinator.com' (length: 23)
2026-01-12T02:33:05.383+01:00  INFO 387084 --- [blog] [nio-8080-exec-1] c.z.b.controller.NotificationController  : [NotificationController] GET /notifications - Listing notifications - page: 0, size: 20
Hibernate: select u1_0.id,u1_0.avatar_url,u1_0.banned,u1_0.bio,u1_0.created_at,u1_0.email,u1_0.password,u1_0.role,u1_0.username from users u1_0 where u1_0.email=?
2026-01-12T02:33:05.389+01:00  INFO 387084 --- [blog] [nio-8080-exec-1] c.z.blog.service.NotificationService     : [NotificationService] list() - Listing notifications for user: Zakri
Hibernate: select n1_0.id,n1_0.content,n1_0.created_at,n1_0.is_read,n1_0.receiver_id,n1_0.type from notifications n1_0 where n1_0.receiver_id=? fetch first ? rows only
2026-01-12T02:33:05.394+01:00  INFO 387084 --- [blog] [nio-8080-exec-1] c.z.blog.service.NotificationService     : [NotificationService] list() - Found 7 total notifications
2026-01-12T02:33:05.395+01:00  INFO 387084 --- [blog] [nio-8080-exec-1] c.z.b.controller.NotificationController  : [NotificationController] Notifications listed successfully - Total: 7, Current page: 7
[JWT Filter] Token valid, username from token: 'zumug@mailinator.com' (length: 20)
2026-01-12T02:33:06.400+01:00  INFO 387084 --- [blog] [nio-8080-exec-2] c.z.b.controller.NotificationController  : [NotificationController] GET /notifications - Listing notifications - page: 0, size: 20
Hibernate: select u1_0.id,u1_0.avatar_url,u1_0.banned,u1_0.bio,u1_0.created_at,u1_0.email,u1_0.password,u1_0.role,u1_0.username from users u1_0 where u1_0.email=?
2026-01-12T02:33:06.405+01:00  INFO 387084 --- [blog] [nio-8080-exec-2] c.z.blog.service.NotificationService     : [NotificationService] list() - Listing notifications for user: Aut distinctio Ab i
Hibernate: select n1_0.id,n1_0.content,n1_0.created_at,n1_0.is_read,n1_0.receiver_id,n1_0.type from notifications n1_0 where n1_0.receiver_id=? fetch first ? rows only
2026-01-12T02:33:06.408+01:00  INFO 387084 --- [blog] [nio-8080-exec-2] c.z.blog.service.NotificationService     : [NotificationService] list() - Found 2 total notifications
2026-01-12T02:33:06.408+01:00  INFO 387084 --- [blog] [nio-8080-exec-2] c.z.b.controller.NotificationController  : [NotificationController] Notifications listed successfully - Total: 2, Current page: 2
[JWT Filter] Token valid, username from token: 'datiretu@mailinator.com' (length: 23)
2026-01-12T02:33:35.359+01:00  INFO 387084 --- [blog] [nio-8080-exec-3] c.z.b.controller.NotificationController  : [NotificationController] GET /notifications - Listing notifications - page: 0, size: 20
Hibernate: select u1_0.id,u1_0.avatar_url,u1_0.banned,u1_0.bio,u1_0.created_at,u1_0.email,u1_0.password,u1_0.role,u1_0.username from users u1_0 where u1_0.email=?
2026-01-12T02:33:35.364+01:00  INFO 387084 --- [blog] [nio-8080-exec-3] c.z.blog.service.NotificationService     : [NotificationService] list() - Listing notifications for user: Zakri
Hibernate: select n1_0.id,n1_0.content,n1_0.created_at,n1_0.is_read,n1_0.receiver_id,n1_0.type from notifications n1_0 where n1_0.receiver_id=? fetch first ? rows only
2026-01-12T02:33:35.369+01:00  INFO 387084 --- [blog] [nio-8080-exec-3] c.z.blog.service.NotificationService     : [NotificationService] list() - Found 7 total notifications
2026-01-12T02:33:35.369+01:00  INFO 387084 --- [blog] [nio-8080-exec-3] c.z.b.controller.NotificationController  : [NotificationController] Notifications listed successfully - Total: 7, Current page: 7
[JWT Filter] Token valid, username from token: 'zumug@mailinator.com' (length: 20)
2026-01-12T02:33:36.402+01:00  INFO 387084 --- [blog] [nio-8080-exec-4] c.z.b.controller.NotificationController  : [NotificationController] GET /notifications - Listing notifications - page: 0, size: 20
Hibernate: select u1_0.id,u1_0.avatar_url,u1_0.banned,u1_0.bio,u1_0.created_at,u1_0.email,u1_0.password,u1_0.role,u1_0.username from users u1_0 where u1_0.email=?
2026-01-12T02:33:36.406+01:00  INFO 387084 --- [blog] [nio-8080-exec-4] c.z.blog.service.NotificationService     : [NotificationService] list() - Listing notifications for user: Aut distinctio Ab i
Hibernate: select n1_0.id,n1_0.content,n1_0.created_at,n1_0.is_read,n1_0.receiver_id,n1_0.type from notifications n1_0 where n1_0.receiver_id=? fetch first ? rows only
2026-01-12T02:33:36.409+01:00  INFO 387084 --- [blog] [nio-8080-exec-4] c.z.blog.service.NotificationService     : [NotificationService] list() - Found 2 total notifications
2026-01-12T02:33:36.409+01:00  INFO 387084 --- [blog] [nio-8080-exec-4] c.z.b.controller.NotificationController  : [NotificationController] Notifications listed successfully - Total: 2, Current page: 2
[JWT Filter] Token valid, username from token: 'datiretu@mailinator.com' (length: 23)
2026-01-12T02:34:05.361+01:00  INFO 387084 --- [blog] [nio-8080-exec-5] c.z.b.controller.NotificationController  : [NotificationController] GET /notifications - Listing notifications - page: 0, size: 20
Hibernate: select u1_0.id,u1_0.avatar_url,u1_0.banned,u1_0.bio,u1_0.created_at,u1_0.email,u1_0.password,u1_0.role,u1_0.username from users u1_0 where u1_0.email=?
2026-01-12T02:34:05.365+01:00  INFO 387084 --- [blog] [nio-8080-exec-5] c.z.blog.service.NotificationService     : [NotificationService] list() - Listing notifications for user: Zakri
Hibernate: select n1_0.id,n1_0.content,n1_0.created_at,n1_0.is_read,n1_0.receiver_id,n1_0.type from notifications n1_0 where n1_0.receiver_id=? fetch first ? rows only
2026-01-12T02:34:05.370+01:00  INFO 387084 --- [blog] [nio-8080-exec-5] c.z.blog.service.NotificationService     : [NotificationService] list() - Found 7 total notifications
2026-01-12T02:34:05.370+01:00  INFO 387084 --- [blog] [nio-8080-exec-5] c.z.b.controller.NotificationController  : [NotificationController] Notifications listed successfully - Total: 7, Current page: 7
[JWT Filter] Token valid, username from token: 'zumug@mailinator.com' (length: 20)
2026-01-12T02:34:06.400+01:00  INFO 387084 --- [blog] [nio-8080-exec-6] c.z.b.controller.NotificationController  : [NotificationController] GET /notifications - Listing notifications - page: 0, size: 20
Hibernate: select u1_0.id,u1_0.avatar_url,u1_0.banned,u1_0.bio,u1_0.created_at,u1_0.email,u1_0.password,u1_0.role,u1_0.username from users u1_0 where u1_0.email=?
2026-01-12T02:34:06.403+01:00  INFO 387084 --- [blog] [nio-8080-exec-6] c.z.blog.service.NotificationService     : [NotificationService] list() - Listing notifications for user: Aut distinctio Ab i
Hibernate: select n1_0.id,n1_0.content,n1_0.created_at,n1_0.is_read,n1_0.receiver_id,n1_0.type from notifications n1_0 where n1_0.receiver_id=? fetch first ? rows only
2026-01-12T02:34:06.407+01:00  INFO 387084 --- [blog] [nio-8080-exec-6] c.z.blog.service.NotificationService     : [NotificationService] list() - Found 2 total notifications
2026-01-12T02:34:06.407+01:00  INFO 387084 --- [blog] [nio-8080-exec-6] c.z.b.controller.NotificationController  : [NotificationController] Notifications listed successfully - Total: 2, Current page: 2
[JWT Filter] Token valid, username from token: 'datiretu@mailinator.com' (length: 23)
2026-01-12T02:34:35.358+01:00  INFO 387084 --- [blog] [nio-8080-exec-7] c.z.b.controller.NotificationController  : [NotificationController] GET /notifications - Listing notifications - page: 0, size: 20
Hibernate: select u1_0.id,u1_0.avatar_url,u1_0.banned,u1_0.bio,u1_0.created_at,u1_0.email,u1_0.password,u1_0.role,u1_0.username from users u1_0 where u1_0.email=?
2026-01-12T02:34:35.361+01:00  INFO 387084 --- [blog] [nio-8080-exec-7] c.z.blog.service.NotificationService     : [NotificationService] list() - Listing notifications for user: Zakri
Hibernate: select n1_0.id,n1_0.content,n1_0.created_at,n1_0.is_read,n1_0.receiver_id,n1_0.type from notifications n1_0 where n1_0.receiver_id=? fetch first ? rows only
2026-01-12T02:34:35.364+01:00  INFO 387084 --- [blog] [nio-8080-exec-7] c.z.blog.service.NotificationService     : [NotificationService] list() - Found 7 total notifications
2026-01-12T02:34:35.365+01:00  INFO 387084 --- [blog] [nio-8080-exec-7] c.z.b.controller.NotificationController  : [NotificationController] Notifications listed successfully - Total: 7, Current page: 7
[JWT Filter] Token valid, username from token: 'zumug@mailinator.com' (length: 20)
2026-01-12T02:34:36.400+01:00  INFO 387084 --- [blog] [nio-8080-exec-8] c.z.b.controller.NotificationController  : [NotificationController] GET /notifications - Listing notifications - page: 0, size: 20
Hibernate: select u1_0.id,u1_0.avatar_url,u1_0.banned,u1_0.bio,u1_0.created_at,u1_0.email,u1_0.password,u1_0.role,u1_0.username from users u1_0 where u1_0.email=?
2026-01-12T02:34:36.403+01:00  INFO 387084 --- [blog] [nio-8080-exec-8] c.z.blog.service.NotificationService     : [NotificationService] list() - Listing notifications for user: Aut distinctio Ab i
Hibernate: select n1_0.id,n1_0.content,n1_0.created_at,n1_0.is_read,n1_0.receiver_id,n1_0.type from notifications n1_0 where n1_0.receiver_id=? fetch first ? rows only
2026-01-12T02:34:36.406+01:00  INFO 387084 --- [blog] [nio-8080-exec-8] c.z.blog.service.NotificationService     : [NotificationService] list() - Found 2 total notifications
2026-01-12T02:34:36.406+01:00  INFO 387084 --- [blog] [nio-8080-exec-8] c.z.b.controller.NotificationController  : [NotificationController] Notifications listed successfully - Total: 2, Current page: 2
[JWT Filter] Token valid, username from token: 'datiretu@mailinator.com' (length: 23)
2026-01-12T02:35:05.363+01:00  INFO 387084 --- [blog] [nio-8080-exec-1] c.z.b.controller.NotificationController  : [NotificationController] GET /notifications - Listing notifications - page: 0, size: 20
Hibernate: select u1_0.id,u1_0.avatar_url,u1_0.banned,u1_0.bio,u1_0.created_at,u1_0.email,u1_0.password,u1_0.role,u1_0.username from users u1_0 where u1_0.email=?
2026-01-12T02:35:05.366+01:00  INFO 387084 --- [blog] [nio-8080-exec-1] c.z.blog.service.NotificationService     : [NotificationService] list() - Listing notifications for user: Zakri
Hibernate: select n1_0.id,n1_0.content,n1_0.created_at,n1_0.is_read,n1_0.receiver_id,n1_0.type from notifications n1_0 where n1_0.receiver_id=? fetch first ? rows only
2026-01-12T02:35:05.369+01:00  INFO 387084 --- [blog] [nio-8080-exec-1] c.z.blog.service.NotificationService     : [NotificationService] list() - Found 7 total notifications
2026-01-12T02:35:05.369+01:00  INFO 387084 --- [blog] [nio-8080-exec-1] c.z.b.controller.NotificationController  : [NotificationController] Notifications listed successfully - Total: 7, Current page: 7
[JWT Filter] Token valid, username from token: 'zumug@mailinator.com' (length: 20)
2026-01-12T02:35:21.335+01:00  INFO 387084 --- [blog] [nio-8080-exec-2] c.z.b.controller.NotificationController  : [NotificationController] GET /notifications - Listing notifications - page: 0, size: 20
Hibernate: select u1_0.id,u1_0.avatar_url,u1_0.banned,u1_0.bio,u1_0.created_at,u1_0.email,u1_0.password,u1_0.role,u1_0.username from users u1_0 where u1_0.email=?
2026-01-12T02:35:21.337+01:00  INFO 387084 --- [blog] [nio-8080-exec-2] c.z.blog.service.NotificationService     : [NotificationService] list() - Listing notifications for user: Aut distinctio Ab i
Hibernate: select n1_0.id,n1_0.content,n1_0.created_at,n1_0.is_read,n1_0.receiver_id,n1_0.type from notifications n1_0 where n1_0.receiver_id=? fetch first ? rows only
2026-01-12T02:35:21.341+01:00  INFO 387084 --- [blog] [nio-8080-exec-2] c.z.blog.service.NotificationService     : [NotificationService] list() - Found 2 total notifications
2026-01-12T02:35:21.341+01:00  INFO 387084 --- [blog] [nio-8080-exec-2] c.z.b.controller.NotificationController  : [NotificationController] Notifications listed successfully - Total: 2, Current page: 2
[JWT Filter] Token valid, username from token: 'datiretu@mailinator.com' (length: 23)
2026-01-12T02:35:35.358+01:00  INFO 387084 --- [blog] [nio-8080-exec-3] c.z.b.controller.NotificationController  : [NotificationController] GET /notifications - Listing notifications - page: 0, size: 20
Hibernate: select u1_0.id,u1_0.avatar_url,u1_0.banned,u1_0.bio,u1_0.created_at,u1_0.email,u1_0.password,u1_0.role,u1_0.username from users u1_0 where u1_0.email=?
2026-01-12T02:35:35.362+01:00  INFO 387084 --- [blog] [nio-8080-exec-3] c.z.blog.service.NotificationService     : [NotificationService] list() - Listing notifications for user: Zakri
Hibernate: select n1_0.id,n1_0.content,n1_0.created_at,n1_0.is_read,n1_0.receiver_id,n1_0.type from notifications n1_0 where n1_0.receiver_id=? fetch first ? rows only
2026-01-12T02:35:35.364+01:00  INFO 387084 --- [blog] [nio-8080-exec-3] c.z.blog.service.NotificationService     : [NotificationService] list() - Found 7 total notifications
2026-01-12T02:35:35.365+01:00  INFO 387084 --- [blog] [nio-8080-exec-3] c.z.b.controller.NotificationController  : [NotificationController] Notifications listed successfully - Total: 7, Current page: 7
[JWT Filter] Token valid, username from token: 'zumug@mailinator.com' (length: 20)
2026-01-12T02:35:35.821+01:00  INFO 387084 --- [blog] [nio-8080-exec-4] c.z.b.controller.NotificationController  : [NotificationController] GET /notifications - Listing notifications - page: 0, size: 20
Hibernate: select u1_0.id,u1_0.avatar_url,u1_0.banned,u1_0.bio,u1_0.created_at,u1_0.email,u1_0.password,u1_0.role,u1_0.username from users u1_0 where u1_0.email=?
2026-01-12T02:35:35.824+01:00  INFO 387084 --- [blog] [nio-8080-exec-4] c.z.blog.service.NotificationService     : [NotificationService] list() - Listing notifications for user: Aut distinctio Ab i
Hibernate: select n1_0.id,n1_0.content,n1_0.created_at,n1_0.is_read,n1_0.receiver_id,n1_0.type from notifications n1_0 where n1_0.receiver_id=? fetch first ? rows only
2026-01-12T02:35:35.826+01:00  INFO 387084 --- [blog] [nio-8080-exec-4] c.z.blog.service.NotificationService     : [NotificationService] list() - Found 2 total notifications
2026-01-12T02:35:35.826+01:00  INFO 387084 --- [blog] [nio-8080-exec-4] c.z.b.controller.NotificationController  : [NotificationController] Notifications listed successfully - Total: 2, Current page: 2
[JWT Filter] Token valid, username from token: 'datiretu@mailinator.com' (length: 23)
2026-01-12T02:36:05.359+01:00  INFO 387084 --- [blog] [nio-8080-exec-5] c.z.b.controller.NotificationController  : [NotificationController] GET /notifications - Listing notifications - page: 0, size: 20
Hibernate: select u1_0.id,u1_0.avatar_url,u1_0.banned,u1_0.bio,u1_0.created_at,u1_0.email,u1_0.password,u1_0.role,u1_0.username from users u1_0 where u1_0.email=?
2026-01-12T02:36:05.363+01:00  INFO 387084 --- [blog] [nio-8080-exec-5] c.z.blog.service.NotificationService     : [NotificationService] list() - Listing notifications for user: Zakri
Hibernate: select n1_0.id,n1_0.content,n1_0.created_at,n1_0.is_read,n1_0.receiver_id,n1_0.type from notifications n1_0 where n1_0.receiver_id=? fetch first ? rows only
2026-01-12T02:36:05.369+01:00  INFO 387084 --- [blog] [nio-8080-exec-5] c.z.blog.service.NotificationService     : [NotificationService] list() - Found 7 total notifications
2026-01-12T02:36:05.369+01:00  INFO 387084 --- [blog] [nio-8080-exec-5] c.z.b.controller.NotificationController  : [NotificationController] Notifications listed successfully - Total: 7, Current page: 7
[JWT Filter] Token valid, username from token: 'zumug@mailinator.com' (length: 20)
2026-01-12T02:36:05.820+01:00  INFO 387084 --- [blog] [nio-8080-exec-6] c.z.b.controller.NotificationController  : [NotificationController] GET /notifications - Listing notifications - page: 0, size: 20
Hibernate: select u1_0.id,u1_0.avatar_url,u1_0.banned,u1_0.bio,u1_0.created_at,u1_0.email,u1_0.password,u1_0.role,u1_0.username from users u1_0 where u1_0.email=?
2026-01-12T02:36:05.823+01:00  INFO 387084 --- [blog] [nio-8080-exec-6] c.z.blog.service.NotificationService     : [NotificationService] list() - Listing notifications for user: Aut distinctio Ab i
Hibernate: select n1_0.id,n1_0.content,n1_0.created_at,n1_0.is_read,n1_0.receiver_id,n1_0.type from notifications n1_0 where n1_0.receiver_id=? fetch first ? rows only
2026-01-12T02:36:05.826+01:00  INFO 387084 --- [blog] [nio-8080-exec-6] c.z.blog.service.NotificationService     : [NotificationService] list() - Found 2 total notifications
2026-01-12T02:36:05.827+01:00  INFO 387084 --- [blog] [nio-8080-exec-6] c.z.b.controller.NotificationController  : [NotificationController] Notifications listed successfully - Total: 2, Current page: 2
[JWT Filter] Token valid, username from token: 'datiretu@mailinator.com' (length: 23)
2026-01-12T02:36:35.362+01:00  INFO 387084 --- [blog] [nio-8080-exec-7] c.z.b.controller.NotificationController  : [NotificationController] GET /notifications - Listing notifications - page: 0, size: 20
Hibernate: select u1_0.id,u1_0.avatar_url,u1_0.banned,u1_0.bio,u1_0.created_at,u1_0.email,u1_0.password,u1_0.role,u1_0.username from users u1_0 where u1_0.email=?
2026-01-12T02:36:35.365+01:00  INFO 387084 --- [blog] [nio-8080-exec-7] c.z.blog.service.NotificationService     : [NotificationService] list() - Listing notifications for user: Zakri
Hibernate: select n1_0.id,n1_0.content,n1_0.created_at,n1_0.is_read,n1_0.receiver_id,n1_0.type from notifications n1_0 where n1_0.receiver_id=? fetch first ? rows only
2026-01-12T02:36:35.368+01:00  INFO 387084 --- [blog] [nio-8080-exec-7] c.z.blog.service.NotificationService     : [NotificationService] list() - Found 7 total notifications
2026-01-12T02:36:35.368+01:00  INFO 387084 --- [blog] [nio-8080-exec-7] c.z.b.controller.NotificationController  : [NotificationController] Notifications listed successfully - Total: 7, Current page: 7
[JWT Filter] Token valid, username from token: 'zumug@mailinator.com' (length: 20)
2026-01-12T02:36:35.821+01:00  INFO 387084 --- [blog] [nio-8080-exec-8] c.z.b.controller.NotificationController  : [NotificationController] GET /notifications - Listing notifications - page: 0, size: 20
Hibernate: select u1_0.id,u1_0.avatar_url,u1_0.banned,u1_0.bio,u1_0.created_at,u1_0.email,u1_0.password,u1_0.role,u1_0.username from users u1_0 where u1_0.email=?
2026-01-12T02:36:35.824+01:00  INFO 387084 --- [blog] [nio-8080-exec-8] c.z.blog.service.NotificationService     : [NotificationService] list() - Listing notifications for user: Aut distinctio Ab i
Hibernate: select n1_0.id,n1_0.content,n1_0.created_at,n1_0.is_read,n1_0.receiver_id,n1_0.type from notifications n1_0 where n1_0.receiver_id=? fetch first ? rows only
2026-01-12T02:36:35.827+01:00  INFO 387084 --- [blog] [nio-8080-exec-8] c.z.blog.service.NotificationService     : [NotificationService] list() - Found 2 total notifications
2026-01-12T02:36:35.827+01:00  INFO 387084 --- [blog] [nio-8080-exec-8] c.z.b.controller.NotificationController  : [NotificationController] Notifications listed successfully - Total: 2, Current page: 2
[JWT Filter] Token valid, username from token: 'datiretu@mailinator.com' (length: 23)
2026-01-12T02:37:05.361+01:00  INFO 387084 --- [blog] [nio-8080-exec-9] c.z.b.controller.NotificationController  : [NotificationController] GET /notifications - Listing notifications - page: 0, size: 20
Hibernate: select u1_0.id,u1_0.avatar_url,u1_0.banned,u1_0.bio,u1_0.created_at,u1_0.email,u1_0.password,u1_0.role,u1_0.username from users u1_0 where u1_0.email=?
2026-01-12T02:37:05.365+01:00  INFO 387084 --- [blog] [nio-8080-exec-9] c.z.blog.service.NotificationService     : [NotificationService] list() - Listing notifications for user: Zakri
Hibernate: select n1_0.id,n1_0.content,n1_0.created_at,n1_0.is_read,n1_0.receiver_id,n1_0.type from notifications n1_0 where n1_0.receiver_id=? fetch first ? rows only
2026-01-12T02:37:05.370+01:00  INFO 387084 --- [blog] [nio-8080-exec-9] c.z.blog.service.NotificationService     : [NotificationService] list() - Found 7 total notifications
2026-01-12T02:37:05.370+01:00  INFO 387084 --- [blog] [nio-8080-exec-9] c.z.b.controller.NotificationController  : [NotificationController] Notifications listed successfully - Total: 7, Current page: 7
[JWT Filter] Token valid, username from token: 'zumug@mailinator.com' (length: 20)
2026-01-12T02:37:05.824+01:00  INFO 387084 --- [blog] [io-8080-exec-10] c.z.b.controller.NotificationController  : [NotificationController] GET /notifications - Listing notifications - page: 0, size: 20
Hibernate: select u1_0.id,u1_0.avatar_url,u1_0.banned,u1_0.bio,u1_0.created_at,u1_0.email,u1_0.password,u1_0.role,u1_0.username from users u1_0 where u1_0.email=?
2026-01-12T02:37:05.828+01:00  INFO 387084 --- [blog] [io-8080-exec-10] c.z.blog.service.NotificationService     : [NotificationService] list() - Listing notifications for user: Aut distinctio Ab i
Hibernate: select n1_0.id,n1_0.content,n1_0.created_at,n1_0.is_read,n1_0.receiver_id,n1_0.type from notifications n1_0 where n1_0.receiver_id=? fetch first ? rows only
2026-01-12T02:37:05.831+01:00  INFO 387084 --- [blog] [io-8080-exec-10] c.z.blog.service.NotificationService     : [NotificationService] list() - Found 2 total notifications
2026-01-12T02:37:05.831+01:00  INFO 387084 --- [blog] [io-8080-exec-10] c.z.b.controller.NotificationController  : [NotificationController] Notifications listed successfully - Total: 2, Current page: 2
