nohup: ignoring input

  .   ____          _            __ _ _
 /\\ / ___'_ __ _ _(_)_ __  __ _ \ \ \ \
( ( )\___ | '_ | '_| | '_ \/ _` | \ \ \ \
 \\/  ___)| |_)| | | | | || (_| |  ) ) ) )
  '  |____| .__|_| |_|_| |_\__, | / / / /
 =========|_|==============|___/=/_/_/_/

 :: Spring Boot ::                (v3.5.7)

2025-11-07T03:13:51.450+01:00  INFO 177378 --- [blog] [           main] com.zerooneblog.blog.BlogApplication     : Starting BlogApplication v0.0.1-SNAPSHOT using Java 21.0.9 with PID 177378 (/home/mzakri/01blog/backend/target/blog-0.0.1-SNAPSHOT.jar started by mzakri in /home/mzakri/01blog)
2025-11-07T03:13:51.452+01:00  INFO 177378 --- [blog] [           main] com.zerooneblog.blog.BlogApplication     : No active profile set, falling back to 1 default profile: "default"
2025-11-07T03:13:51.932+01:00  INFO 177378 --- [blog] [           main] .s.d.r.c.RepositoryConfigurationDelegate : Bootstrapping Spring Data JPA repositories in DEFAULT mode.
2025-11-07T03:13:51.965+01:00  INFO 177378 --- [blog] [           main] .s.d.r.c.RepositoryConfigurationDelegate : Finished Spring Data repository scanning in 27 ms. Found 1 JPA repository interface.
2025-11-07T03:13:52.279+01:00  INFO 177378 --- [blog] [           main] o.s.b.w.embedded.tomcat.TomcatWebServer  : Tomcat initialized with port 8082 (http)
2025-11-07T03:13:52.288+01:00  INFO 177378 --- [blog] [           main] o.apache.catalina.core.StandardService   : Starting service [Tomcat]
2025-11-07T03:13:52.288+01:00  INFO 177378 --- [blog] [           main] o.apache.catalina.core.StandardEngine    : Starting Servlet engine: [Apache Tomcat/10.1.48]
2025-11-07T03:13:52.306+01:00  INFO 177378 --- [blog] [           main] o.a.c.c.C.[Tomcat].[localhost].[/]       : Initializing Spring embedded WebApplicationContext
2025-11-07T03:13:52.307+01:00  INFO 177378 --- [blog] [           main] w.s.c.ServletWebServerApplicationContext : Root WebApplicationContext: initialization completed in 830 ms
2025-11-07T03:13:52.410+01:00  INFO 177378 --- [blog] [           main] o.hibernate.jpa.internal.util.LogHelper  : HHH000204: Processing PersistenceUnitInfo [name: default]
2025-11-07T03:13:52.438+01:00  INFO 177378 --- [blog] [           main] org.hibernate.Version                    : HHH000412: Hibernate ORM core version 6.6.33.Final
2025-11-07T03:13:52.469+01:00  INFO 177378 --- [blog] [           main] o.h.c.internal.RegionFactoryInitiator    : HHH000026: Second-level cache disabled
2025-11-07T03:13:52.617+01:00  INFO 177378 --- [blog] [           main] o.s.o.j.p.SpringPersistenceUnitInfo      : No LoadTimeWeaver setup: ignoring JPA class transformer
2025-11-07T03:13:52.636+01:00  INFO 177378 --- [blog] [           main] com.zaxxer.hikari.HikariDataSource       : HikariPool-1 - Starting...
2025-11-07T03:13:52.772+01:00  INFO 177378 --- [blog] [           main] com.zaxxer.hikari.pool.HikariPool        : HikariPool-1 - Added connection conn0: url=jdbc:h2:mem:testdb user=SA
2025-11-07T03:13:52.773+01:00  INFO 177378 --- [blog] [           main] com.zaxxer.hikari.HikariDataSource       : HikariPool-1 - Start completed.
2025-11-07T03:13:52.808+01:00  INFO 177378 --- [blog] [           main] org.hibernate.orm.connections.pooling    : HHH10001005: Database info:
	Database JDBC URL [Connecting through datasource 'HikariDataSource (HikariPool-1)']
	Database driver: undefined/unknown
	Database version: 2.3.232
	Autocommit mode: undefined/unknown
	Isolation level: undefined/unknown
	Minimum pool size: undefined/unknown
	Maximum pool size: undefined/unknown
2025-11-07T03:13:53.236+01:00  INFO 177378 --- [blog] [           main] o.h.e.t.j.p.i.JtaPlatformInitiator       : HHH000489: No JTA platform available (set 'hibernate.transaction.jta.platform' to enable JTA platform integration)
Hibernate: drop table if exists users cascade 
Hibernate: create table users (id bigint generated by default as identity, email varchar(255), password varchar(255), username varchar(255), primary key (id))
2025-11-07T03:13:53.259+01:00  INFO 177378 --- [blog] [           main] j.LocalContainerEntityManagerFactoryBean : Initialized JPA EntityManagerFactory for persistence unit 'default'
2025-11-07T03:13:53.444+01:00  INFO 177378 --- [blog] [           main] r$InitializeUserDetailsManagerConfigurer : Global AuthenticationManager configured with UserDetailsService bean with name customUserDetailsService
2025-11-07T03:13:53.467+01:00  WARN 177378 --- [blog] [           main] JpaBaseConfiguration$JpaWebConfiguration : spring.jpa.open-in-view is enabled by default. Therefore, database queries may be performed during view rendering. Explicitly configure spring.jpa.open-in-view to disable this warning
2025-11-07T03:13:53.773+01:00  INFO 177378 --- [blog] [           main] o.s.b.w.embedded.tomcat.TomcatWebServer  : Tomcat started on port 8082 (http) with context path '/'
2025-11-07T03:13:53.781+01:00  INFO 177378 --- [blog] [           main] com.zerooneblog.blog.BlogApplication     : Started BlogApplication in 2.619 seconds (process running for 2.895)
2025-11-07T03:14:06.149+01:00  INFO 177378 --- [blog] [nio-8082-exec-1] o.a.c.c.C.[Tomcat].[localhost].[/]       : Initializing Spring DispatcherServlet 'dispatcherServlet'
2025-11-07T03:14:06.149+01:00  INFO 177378 --- [blog] [nio-8082-exec-1] o.s.web.servlet.DispatcherServlet        : Initializing Servlet 'dispatcherServlet'
2025-11-07T03:14:06.150+01:00  INFO 177378 --- [blog] [nio-8082-exec-1] o.s.web.servlet.DispatcherServlet        : Completed initialization in 1 ms
Hibernate: select u1_0.id from users u1_0 where u1_0.username=? fetch first ? rows only
Hibernate: select u1_0.id from users u1_0 where u1_0.email=? fetch first ? rows only
Hibernate: insert into users (email,password,username,id) values (?,?,?,default)
